538  [JavaFX Application Thread] INFO  o.b.j.controllers.LoginController - LoginController initialized
9023 [JavaFX Application Thread] DEBUG org.but.java.data.PersonRepository - findPersonByEmail: Rachel.Dickens@mail.eu
9337 [JavaFX Application Thread] INFO  o.b.j.controllers.PersonsController - PersonsController initialized
12548 [JavaFX Application Thread] INFO  o.b.j.c.PersonCreateController - PersonCreateController initialized
516  [JavaFX Application Thread] INFO  o.b.j.controllers.LoginController - LoginController initialized
16851 [JavaFX Application Thread] DEBUG org.but.java.data.PersonRepository - findPersonByEmail: Jana.Nevim@mail.eu
17105 [JavaFX Application Thread] INFO  o.b.j.controllers.PersonsController - PersonsController initialized
19521 [JavaFX Application Thread] INFO  o.b.j.c.PersonCreateController - PersonCreateController initialized
41890 [JavaFX Application Thread] INFO  o.b.j.c.PersonCreateController - email initialized
41890 [JavaFX Application Thread] INFO  o.b.j.c.PersonCreateController - fn initialized
41890 [JavaFX Application Thread] INFO  o.b.j.c.PersonCreateController - ln initialized
41890 [JavaFX Application Thread] INFO  o.b.j.c.PersonCreateController - age initialized
41890 [JavaFX Application Thread] INFO  o.b.j.c.PersonCreateController - pwd initialized
486  [JavaFX Application Thread] INFO  o.b.j.controllers.LoginController - LoginController initialized
9751 [JavaFX Application Thread] DEBUG org.but.java.data.PersonRepository - findPersonByEmail: Jana.Nevim@mail.eu
9994 [JavaFX Application Thread] INFO  o.b.j.controllers.PersonsController - PersonsController initialized
12108 [JavaFX Application Thread] INFO  o.b.j.c.PersonCreateController - PersonCreateController initialized
508  [JavaFX Application Thread] INFO  o.b.j.controllers.LoginController - LoginController initialized
10137 [JavaFX Application Thread] DEBUG org.but.java.data.PersonRepository - findPersonByEmail: Jana.Nevim@mail.eu
10373 [JavaFX Application Thread] INFO  o.b.j.controllers.PersonsController - PersonsController initialized
12744 [JavaFX Application Thread] INFO  o.b.j.c.PersonCreateController - PersonCreateController initialized
32866 [JavaFX Application Thread] INFO  org.but.java.data.PersonRepository - SQL triggered
58965 [JavaFX Application Thread] INFO  org.but.java.data.PersonRepository - SQL triggered
65197 [JavaFX Application Thread] INFO  org.but.java.data.PersonRepository - SQL triggered
99707 [JavaFX Application Thread] INFO  o.b.j.c.PersonCreateController - PersonCreateController initialized
116415 [JavaFX Application Thread] INFO  o.b.j.c.PersonCreateController - PersonCreateController initialized
132880 [JavaFX Application Thread] INFO  org.but.java.data.PersonRepository - SQL triggered
491  [JavaFX Application Thread] INFO  o.b.j.controllers.LoginController - LoginController initialized
3714 [JavaFX Application Thread] DEBUG org.but.java.data.PersonRepository - findPersonByEmail: Jana.Nevim@mail.eu
3951 [JavaFX Application Thread] INFO  o.b.j.controllers.PersonsController - PersonsController initialized
6497 [JavaFX Application Thread] INFO  o.b.j.c.PersonCreateController - PersonCreateController initialized
61871 [JavaFX Application Thread] INFO  org.but.java.data.PersonRepository - SQL triggered
91129 [JavaFX Application Thread] INFO  org.but.java.data.PersonRepository - SQL triggered
525  [JavaFX Application Thread] INFO  o.b.j.controllers.LoginController - LoginController initialized
5878 [JavaFX Application Thread] DEBUG org.but.java.data.PersonRepository - findPersonByEmail: Jana.Nevim@mail.eu
6106 [JavaFX Application Thread] INFO  o.b.j.controllers.PersonsController - PersonsController initialized
7984 [JavaFX Application Thread] INFO  o.b.j.c.PersonCreateController - PersonCreateController initialized
17997 [JavaFX Application Thread] INFO  org.but.java.data.PersonRepository - SQL triggered
495  [JavaFX Application Thread] INFO  o.b.j.controllers.LoginController - LoginController initialized
12292 [JavaFX Application Thread] DEBUG org.but.java.data.PersonRepository - findPersonByEmail: Jana.Nevim@mail.eu
12529 [JavaFX Application Thread] INFO  o.b.j.controllers.PersonsController - PersonsController initialized
15072 [JavaFX Application Thread] INFO  o.b.j.c.PersonCreateController - PersonCreateController initialized
24416 [JavaFX Application Thread] INFO  org.but.java.data.PersonRepository - SQL triggered
489  [JavaFX Application Thread] INFO  o.b.j.controllers.LoginController - LoginController initialized
4535 [JavaFX Application Thread] DEBUG org.but.java.data.PersonRepository - findPersonByEmail: Jana.Nevim@mail.eu
4797 [JavaFX Application Thread] INFO  o.b.j.controllers.PersonsController - PersonsController initialized
7597 [JavaFX Application Thread] INFO  o.b.j.c.PersonCreateController - PersonCreateController initialized
29784 [JavaFX Application Thread] INFO  org.but.java.data.PersonRepository - SQL triggered
509  [JavaFX Application Thread] INFO  o.b.j.controllers.LoginController - LoginController initialized
7998 [JavaFX Application Thread] DEBUG org.but.java.data.PersonRepository - findPersonByEmail: Jana.Nevim@mail.eu
8244 [JavaFX Application Thread] INFO  o.b.j.controllers.PersonsController - PersonsController initialized
10726 [JavaFX Application Thread] INFO  o.b.j.c.PersonCreateController - PersonCreateController initialized
24787 [JavaFX Application Thread] INFO  org.but.java.data.PersonRepository - SQL triggered
463  [JavaFX Application Thread] INFO  o.b.j.controllers.LoginController - LoginController initialized
5131 [JavaFX Application Thread] DEBUG org.but.java.data.PersonRepository - findPersonByEmail: Martina.Hemmingway@mail.eu
5358 [JavaFX Application Thread] INFO  o.b.j.controllers.PersonsController - PersonsController initialized
7763 [JavaFX Application Thread] INFO  o.b.j.c.PersonCreateController - PersonCreateController initialized
30715 [JavaFX Application Thread] INFO  org.but.java.data.PersonRepository - SQL triggered
121486 [JavaFX Application Thread] INFO  org.but.java.data.PersonRepository - SQL triggered
459  [JavaFX Application Thread] INFO  o.b.j.controllers.LoginController - LoginController initialized
104701 [JavaFX Application Thread] DEBUG org.but.java.data.PersonRepository - findPersonByEmail: Martina.Hemmingway@mail.eu
104941 [JavaFX Application Thread] INFO  o.b.j.controllers.PersonsController - PersonsController initialized
107255 [JavaFX Application Thread] INFO  o.b.j.c.PersonCreateController - PersonCreateController initialized
130160 [JavaFX Application Thread] INFO  org.but.java.data.PersonRepository - SQL triggered
1145017 [JavaFX Application Thread] INFO  org.but.java.data.PersonRepository - SQL triggered
537  [JavaFX Application Thread] INFO  o.b.j.controllers.LoginController - LoginController initialized
10634 [JavaFX Application Thread] DEBUG org.but.java.data.PersonRepository - findPersonByEmail: Martina.Sam@mail.eu
11215 [JavaFX Application Thread] INFO  o.b.j.controllers.PersonsController - PersonsController initialized
487  [JavaFX Application Thread] INFO  o.b.j.controllers.LoginController - LoginController initialized
4488 [JavaFX Application Thread] DEBUG org.but.java.data.PersonRepository - findPersonByEmail: Martina.Sam@mail.eu
488  [JavaFX Application Thread] INFO  o.b.j.controllers.LoginController - LoginController initialized
7045 [JavaFX Application Thread] DEBUG org.but.java.data.PersonRepository - findPersonByEmail: Martina.Sam@mail.eu
7604 [JavaFX Application Thread] INFO  o.b.j.controllers.PersonsController - PersonsController initialized
11970 [JavaFX Application Thread] INFO  o.b.j.c.PersonCreateController - PersonCreateController initialized
482  [JavaFX Application Thread] INFO  o.b.j.controllers.LoginController - LoginController initialized
5047 [JavaFX Application Thread] DEBUG org.but.java.data.PersonRepository - findPersonByEmail: Pavlina.Sam@mail.eu
5697 [JavaFX Application Thread] INFO  o.b.j.controllers.PersonsController - PersonsController initialized
274383 [JavaFX Application Thread] INFO  o.b.j.c.PersonCreateController - PersonCreateController initialized
480  [JavaFX Application Thread] INFO  o.b.j.controllers.LoginController - LoginController initialized
514  [JavaFX Application Thread] INFO  o.b.j.controllers.LoginController - LoginController initialized
9442 [JavaFX Application Thread] DEBUG org.but.java.data.PersonRepository - findPersonByEmail: Martina.Sam@mail.eu
10008 [JavaFX Application Thread] ERROR o.b.j.controllers.LoginController - 
/C:/Users/karlr/source/repos/bds-cinema/target/classes/org/but/java/fxml/Persons.fxml

javafx.fxml.LoadException: 
/C:/Users/karlr/source/repos/bds-cinema/target/classes/org/but/java/fxml/Persons.fxml

	at javafx.fxml.FXMLLoader.constructLoadException(FXMLLoader.java:2707)
	at javafx.fxml.FXMLLoader.loadImpl(FXMLLoader.java:2677)
	at javafx.fxml.FXMLLoader.loadImpl(FXMLLoader.java:2548)
	at javafx.fxml.FXMLLoader.load(FXMLLoader.java:2517)
	at org.but.java.controllers.LoginController.showPersonsView(LoginController.java:113)
	at org.but.java.controllers.LoginController.handleSignIn(LoginController.java:100)
	at org.but.java.controllers.LoginController.signInActionHandler(LoginController.java:90)
	at java.base/jdk.internal.reflect.NativeMethodAccessorImpl.invoke0(Native Method)
	at java.base/jdk.internal.reflect.NativeMethodAccessorImpl.invoke(NativeMethodAccessorImpl.java:62)
	at java.base/jdk.internal.reflect.DelegatingMethodAccessorImpl.invoke(DelegatingMethodAccessorImpl.java:43)
	at java.base/java.lang.reflect.Method.invoke(Method.java:566)
	at com.sun.javafx.reflect.Trampoline.invoke(MethodUtil.java:76)
	at java.base/jdk.internal.reflect.NativeMethodAccessorImpl.invoke0(Native Method)
	at java.base/jdk.internal.reflect.NativeMethodAccessorImpl.invoke(NativeMethodAccessorImpl.java:62)
	at java.base/jdk.internal.reflect.DelegatingMethodAccessorImpl.invoke(DelegatingMethodAccessorImpl.java:43)
	at java.base/java.lang.reflect.Method.invoke(Method.java:566)
	at com.sun.javafx.reflect.MethodUtil.invoke(MethodUtil.java:273)
	at com.sun.javafx.fxml.MethodHelper.invoke(MethodHelper.java:83)
	at javafx.fxml.FXMLLoader$MethodHandler.invoke(FXMLLoader.java:1857)
	at javafx.fxml.FXMLLoader$ControllerMethodEventHandler.handle(FXMLLoader.java:1729)
	at com.sun.javafx.event.CompositeEventHandler.dispatchBubblingEvent(CompositeEventHandler.java:86)
	at com.sun.javafx.event.EventHandlerManager.dispatchBubblingEvent(EventHandlerManager.java:234)
	at com.sun.javafx.event.EventHandlerManager.dispatchBubblingEvent(EventHandlerManager.java:191)
	at com.sun.javafx.event.CompositeEventDispatcher.dispatchBubblingEvent(CompositeEventDispatcher.java:59)
	at com.sun.javafx.event.BasicEventDispatcher.dispatchEvent(BasicEventDispatcher.java:58)
	at com.sun.javafx.event.EventDispatchChainImpl.dispatchEvent(EventDispatchChainImpl.java:114)
	at com.sun.javafx.event.BasicEventDispatcher.dispatchEvent(BasicEventDispatcher.java:56)
	at com.sun.javafx.event.EventDispatchChainImpl.dispatchEvent(EventDispatchChainImpl.java:114)
	at com.sun.javafx.event.BasicEventDispatcher.dispatchEvent(BasicEventDispatcher.java:56)
	at com.sun.javafx.event.EventDispatchChainImpl.dispatchEvent(EventDispatchChainImpl.java:114)
	at com.sun.javafx.event.EventUtil.fireEventImpl(EventUtil.java:74)
	at com.sun.javafx.event.EventUtil.fireEvent(EventUtil.java:49)
	at javafx.event.Event.fireEvent(Event.java:198)
	at javafx.scene.Node.fireEvent(Node.java:8889)
	at javafx.scene.control.Button.fire(Button.java:203)
	at com.sun.javafx.scene.control.behavior.ButtonBehavior.mouseReleased(ButtonBehavior.java:208)
	at com.sun.javafx.scene.control.inputmap.InputMap.handle(InputMap.java:274)
	at com.sun.javafx.event.CompositeEventHandler$NormalEventHandlerRecord.handleBubblingEvent(CompositeEventHandler.java:247)
	at com.sun.javafx.event.CompositeEventHandler.dispatchBubblingEvent(CompositeEventHandler.java:80)
	at com.sun.javafx.event.EventHandlerManager.dispatchBubblingEvent(EventHandlerManager.java:234)
	at com.sun.javafx.event.EventHandlerManager.dispatchBubblingEvent(EventHandlerManager.java:191)
	at com.sun.javafx.event.CompositeEventDispatcher.dispatchBubblingEvent(CompositeEventDispatcher.java:59)
	at com.sun.javafx.event.BasicEventDispatcher.dispatchEvent(BasicEventDispatcher.java:58)
	at com.sun.javafx.event.EventDispatchChainImpl.dispatchEvent(EventDispatchChainImpl.java:114)
	at com.sun.javafx.event.BasicEventDispatcher.dispatchEvent(BasicEventDispatcher.java:56)
	at com.sun.javafx.event.EventDispatchChainImpl.dispatchEvent(EventDispatchChainImpl.java:114)
	at com.sun.javafx.event.BasicEventDispatcher.dispatchEvent(BasicEventDispatcher.java:56)
	at com.sun.javafx.event.EventDispatchChainImpl.dispatchEvent(EventDispatchChainImpl.java:114)
	at com.sun.javafx.event.EventUtil.fireEventImpl(EventUtil.java:74)
	at com.sun.javafx.event.EventUtil.fireEvent(EventUtil.java:54)
	at javafx.event.Event.fireEvent(Event.java:198)
	at javafx.scene.Scene$MouseHandler.process(Scene.java:3856)
	at javafx.scene.Scene.processMouseEvent(Scene.java:1851)
	at javafx.scene.Scene$ScenePeerListener.mouseEvent(Scene.java:2584)
	at com.sun.javafx.tk.quantum.GlassViewEventHandler$MouseEventNotification.run(GlassViewEventHandler.java:409)
	at com.sun.javafx.tk.quantum.GlassViewEventHandler$MouseEventNotification.run(GlassViewEventHandler.java:299)
	at java.base/java.security.AccessController.doPrivileged(Native Method)
	at com.sun.javafx.tk.quantum.GlassViewEventHandler.lambda$handleMouseEvent$2(GlassViewEventHandler.java:447)
	at com.sun.javafx.tk.quantum.QuantumToolkit.runWithoutRenderLock(QuantumToolkit.java:412)
	at com.sun.javafx.tk.quantum.GlassViewEventHandler.handleMouseEvent(GlassViewEventHandler.java:446)
	at com.sun.glass.ui.View.handleMouseEvent(View.java:556)
	at com.sun.glass.ui.View.notifyMouse(View.java:942)
	at com.sun.glass.ui.win.WinApplication._runLoop(Native Method)
	at com.sun.glass.ui.win.WinApplication.lambda$runLoop$3(WinApplication.java:174)
	at java.base/java.lang.Thread.run(Thread.java:829)
Caused by: java.lang.reflect.InvocationTargetException: null
	at java.base/jdk.internal.reflect.NativeMethodAccessorImpl.invoke0(Native Method)
	at java.base/jdk.internal.reflect.NativeMethodAccessorImpl.invoke(NativeMethodAccessorImpl.java:62)
	at java.base/jdk.internal.reflect.DelegatingMethodAccessorImpl.invoke(DelegatingMethodAccessorImpl.java:43)
	at java.base/java.lang.reflect.Method.invoke(Method.java:566)
	at com.sun.javafx.reflect.Trampoline.invoke(MethodUtil.java:76)
	at java.base/jdk.internal.reflect.NativeMethodAccessorImpl.invoke0(Native Method)
	at java.base/jdk.internal.reflect.NativeMethodAccessorImpl.invoke(NativeMethodAccessorImpl.java:62)
	at java.base/jdk.internal.reflect.DelegatingMethodAccessorImpl.invoke(DelegatingMethodAccessorImpl.java:43)
	at java.base/java.lang.reflect.Method.invoke(Method.java:566)
	at com.sun.javafx.reflect.MethodUtil.invoke(MethodUtil.java:273)
	at com.sun.javafx.fxml.MethodHelper.invoke(MethodHelper.java:83)
	at javafx.fxml.FXMLLoader.loadImpl(FXMLLoader.java:2673)
	... 63 common frames omitted
Caused by: java.lang.NullPointerException: null
	at org.but.java.controllers.PersonsController.initialize(PersonsController.java:65)
	... 75 common frames omitted
470  [JavaFX Application Thread] INFO  o.b.j.controllers.LoginController - LoginController initialized
3852 [JavaFX Application Thread] DEBUG org.but.java.data.PersonRepository - findPersonByEmail: Martina.Sam@mail.eu
4385 [JavaFX Application Thread] INFO  o.b.j.controllers.PersonsController - PersonsController initialized
473  [JavaFX Application Thread] INFO  o.b.j.controllers.LoginController - LoginController initialized
481  [JavaFX Application Thread] INFO  o.b.j.controllers.LoginController - LoginController initialized
24842 [JavaFX Application Thread] DEBUG org.but.java.data.PersonRepository - findPersonByEmail: Martina.Sam@mail.eu
25405 [JavaFX Application Thread] INFO  o.b.j.controllers.PersonsController - PersonsController initialized
33814 [JavaFX Application Thread] INFO  o.b.j.c.PersonCreateController - PersonCreateController initialized
504  [JavaFX Application Thread] INFO  o.b.j.controllers.LoginController - LoginController initialized
489  [JavaFX Application Thread] INFO  o.b.j.controllers.LoginController - LoginController initialized
8028 [JavaFX Application Thread] DEBUG org.but.java.data.PersonRepository - findPersonByEmail: Martina.Sam@mail.eu
8577 [JavaFX Application Thread] INFO  o.b.j.controllers.PersonsController - PersonsController initialized
18827 [JavaFX Application Thread] ERROR o.b.j.controllers.LoginController - Controller value already specified.
/C:/Users/karlr/source/repos/bds-cinema/target/classes/org/but/java/fxml/PersonsDetailView.fxml:11

javafx.fxml.LoadException: Controller value already specified.
/C:/Users/karlr/source/repos/bds-cinema/target/classes/org/but/java/fxml/PersonsDetailView.fxml:11

	at javafx.fxml.FXMLLoader.constructLoadException(FXMLLoader.java:2703)
	at javafx.fxml.FXMLLoader$ValueElement.processAttribute(FXMLLoader.java:924)
	at javafx.fxml.FXMLLoader$InstanceDeclarationElement.processAttribute(FXMLLoader.java:982)
	at javafx.fxml.FXMLLoader$Element.processStartElement(FXMLLoader.java:229)
	at javafx.fxml.FXMLLoader$ValueElement.processStartElement(FXMLLoader.java:754)
	at javafx.fxml.FXMLLoader.processStartElement(FXMLLoader.java:2808)
	at javafx.fxml.FXMLLoader.loadImpl(FXMLLoader.java:2634)
	at javafx.fxml.FXMLLoader.loadImpl(FXMLLoader.java:2548)
	at javafx.fxml.FXMLLoader.load(FXMLLoader.java:2517)
	at org.but.java.controllers.PersonsController.lambda$initializeTableViewSelection$1(PersonsController.java:122)
	at com.sun.javafx.event.CompositeEventHandler.dispatchBubblingEvent(CompositeEventHandler.java:86)
	at com.sun.javafx.event.EventHandlerManager.dispatchBubblingEvent(EventHandlerManager.java:234)
	at com.sun.javafx.event.EventHandlerManager.dispatchBubblingEvent(EventHandlerManager.java:191)
	at com.sun.javafx.event.BasicEventDispatcher.dispatchEvent(BasicEventDispatcher.java:58)
	at com.sun.javafx.event.EventDispatchChainImpl.dispatchEvent(EventDispatchChainImpl.java:114)
	at com.sun.javafx.event.EventUtil.fireEventImpl(EventUtil.java:74)
	at com.sun.javafx.event.EventUtil.fireEvent(EventUtil.java:49)
	at javafx.event.Event.fireEvent(Event.java:198)
	at javafx.scene.control.MenuItem.fire(MenuItem.java:459)
	at com.sun.javafx.scene.control.ContextMenuContent$MenuItemContainer.doSelect(ContextMenuContent.java:1385)
	at com.sun.javafx.scene.control.ContextMenuContent$MenuItemContainer.lambda$createChildren$12(ContextMenuContent.java:1338)
	at com.sun.javafx.event.CompositeEventHandler$NormalEventHandlerRecord.handleBubblingEvent(CompositeEventHandler.java:247)
	at com.sun.javafx.event.CompositeEventHandler.dispatchBubblingEvent(CompositeEventHandler.java:80)
	at com.sun.javafx.event.EventHandlerManager.dispatchBubblingEvent(EventHandlerManager.java:234)
	at com.sun.javafx.event.EventHandlerManager.dispatchBubblingEvent(EventHandlerManager.java:191)
	at com.sun.javafx.event.CompositeEventDispatcher.dispatchBubblingEvent(CompositeEventDispatcher.java:59)
	at com.sun.javafx.event.BasicEventDispatcher.dispatchEvent(BasicEventDispatcher.java:58)
	at com.sun.javafx.event.EventDispatchChainImpl.dispatchEvent(EventDispatchChainImpl.java:114)
	at com.sun.javafx.event.BasicEventDispatcher.dispatchEvent(BasicEventDispatcher.java:56)
	at com.sun.javafx.event.EventDispatchChainImpl.dispatchEvent(EventDispatchChainImpl.java:114)
	at com.sun.javafx.event.BasicEventDispatcher.dispatchEvent(BasicEventDispatcher.java:56)
	at com.sun.javafx.event.EventDispatchChainImpl.dispatchEvent(EventDispatchChainImpl.java:114)
	at com.sun.javafx.event.BasicEventDispatcher.dispatchEvent(BasicEventDispatcher.java:56)
	at com.sun.javafx.event.EventDispatchChainImpl.dispatchEvent(EventDispatchChainImpl.java:114)
	at com.sun.javafx.event.EventUtil.fireEventImpl(EventUtil.java:74)
	at com.sun.javafx.event.EventUtil.fireEvent(EventUtil.java:54)
	at javafx.event.Event.fireEvent(Event.java:198)
	at javafx.scene.Scene$MouseHandler.process(Scene.java:3856)
	at javafx.scene.Scene.processMouseEvent(Scene.java:1851)
	at javafx.scene.Scene$ScenePeerListener.mouseEvent(Scene.java:2584)
	at com.sun.javafx.tk.quantum.GlassViewEventHandler$MouseEventNotification.run(GlassViewEventHandler.java:409)
	at com.sun.javafx.tk.quantum.GlassViewEventHandler$MouseEventNotification.run(GlassViewEventHandler.java:299)
	at java.base/java.security.AccessController.doPrivileged(Native Method)
	at com.sun.javafx.tk.quantum.GlassViewEventHandler.lambda$handleMouseEvent$2(GlassViewEventHandler.java:447)
	at com.sun.javafx.tk.quantum.QuantumToolkit.runWithoutRenderLock(QuantumToolkit.java:412)
	at com.sun.javafx.tk.quantum.GlassViewEventHandler.handleMouseEvent(GlassViewEventHandler.java:446)
	at com.sun.glass.ui.View.handleMouseEvent(View.java:556)
	at com.sun.glass.ui.View.notifyMouse(View.java:942)
	at com.sun.glass.ui.win.WinApplication._runLoop(Native Method)
	at com.sun.glass.ui.win.WinApplication.lambda$runLoop$3(WinApplication.java:174)
	at java.base/java.lang.Thread.run(Thread.java:829)
22508 [JavaFX Application Thread] ERROR o.b.j.controllers.LoginController - Controller value already specified.
/C:/Users/karlr/source/repos/bds-cinema/target/classes/org/but/java/fxml/PersonsDetailView.fxml:11

javafx.fxml.LoadException: Controller value already specified.
/C:/Users/karlr/source/repos/bds-cinema/target/classes/org/but/java/fxml/PersonsDetailView.fxml:11

	at javafx.fxml.FXMLLoader.constructLoadException(FXMLLoader.java:2703)
	at javafx.fxml.FXMLLoader$ValueElement.processAttribute(FXMLLoader.java:924)
	at javafx.fxml.FXMLLoader$InstanceDeclarationElement.processAttribute(FXMLLoader.java:982)
	at javafx.fxml.FXMLLoader$Element.processStartElement(FXMLLoader.java:229)
	at javafx.fxml.FXMLLoader$ValueElement.processStartElement(FXMLLoader.java:754)
	at javafx.fxml.FXMLLoader.processStartElement(FXMLLoader.java:2808)
	at javafx.fxml.FXMLLoader.loadImpl(FXMLLoader.java:2634)
	at javafx.fxml.FXMLLoader.loadImpl(FXMLLoader.java:2548)
	at javafx.fxml.FXMLLoader.load(FXMLLoader.java:2517)
	at org.but.java.controllers.PersonsController.lambda$initializeTableViewSelection$1(PersonsController.java:122)
	at com.sun.javafx.event.CompositeEventHandler.dispatchBubblingEvent(CompositeEventHandler.java:86)
	at com.sun.javafx.event.EventHandlerManager.dispatchBubblingEvent(EventHandlerManager.java:234)
	at com.sun.javafx.event.EventHandlerManager.dispatchBubblingEvent(EventHandlerManager.java:191)
	at com.sun.javafx.event.BasicEventDispatcher.dispatchEvent(BasicEventDispatcher.java:58)
	at com.sun.javafx.event.EventDispatchChainImpl.dispatchEvent(EventDispatchChainImpl.java:114)
	at com.sun.javafx.event.EventUtil.fireEventImpl(EventUtil.java:74)
	at com.sun.javafx.event.EventUtil.fireEvent(EventUtil.java:49)
	at javafx.event.Event.fireEvent(Event.java:198)
	at javafx.scene.control.MenuItem.fire(MenuItem.java:459)
	at com.sun.javafx.scene.control.ContextMenuContent$MenuItemContainer.doSelect(ContextMenuContent.java:1385)
	at com.sun.javafx.scene.control.ContextMenuContent$MenuItemContainer.lambda$createChildren$12(ContextMenuContent.java:1338)
	at com.sun.javafx.event.CompositeEventHandler$NormalEventHandlerRecord.handleBubblingEvent(CompositeEventHandler.java:247)
	at com.sun.javafx.event.CompositeEventHandler.dispatchBubblingEvent(CompositeEventHandler.java:80)
	at com.sun.javafx.event.EventHandlerManager.dispatchBubblingEvent(EventHandlerManager.java:234)
	at com.sun.javafx.event.EventHandlerManager.dispatchBubblingEvent(EventHandlerManager.java:191)
	at com.sun.javafx.event.CompositeEventDispatcher.dispatchBubblingEvent(CompositeEventDispatcher.java:59)
	at com.sun.javafx.event.BasicEventDispatcher.dispatchEvent(BasicEventDispatcher.java:58)
	at com.sun.javafx.event.EventDispatchChainImpl.dispatchEvent(EventDispatchChainImpl.java:114)
	at com.sun.javafx.event.BasicEventDispatcher.dispatchEvent(BasicEventDispatcher.java:56)
	at com.sun.javafx.event.EventDispatchChainImpl.dispatchEvent(EventDispatchChainImpl.java:114)
	at com.sun.javafx.event.BasicEventDispatcher.dispatchEvent(BasicEventDispatcher.java:56)
	at com.sun.javafx.event.EventDispatchChainImpl.dispatchEvent(EventDispatchChainImpl.java:114)
	at com.sun.javafx.event.BasicEventDispatcher.dispatchEvent(BasicEventDispatcher.java:56)
	at com.sun.javafx.event.EventDispatchChainImpl.dispatchEvent(EventDispatchChainImpl.java:114)
	at com.sun.javafx.event.EventUtil.fireEventImpl(EventUtil.java:74)
	at com.sun.javafx.event.EventUtil.fireEvent(EventUtil.java:54)
	at javafx.event.Event.fireEvent(Event.java:198)
	at javafx.scene.Scene$MouseHandler.process(Scene.java:3856)
	at javafx.scene.Scene.processMouseEvent(Scene.java:1851)
	at javafx.scene.Scene$ScenePeerListener.mouseEvent(Scene.java:2584)
	at com.sun.javafx.tk.quantum.GlassViewEventHandler$MouseEventNotification.run(GlassViewEventHandler.java:409)
	at com.sun.javafx.tk.quantum.GlassViewEventHandler$MouseEventNotification.run(GlassViewEventHandler.java:299)
	at java.base/java.security.AccessController.doPrivileged(Native Method)
	at com.sun.javafx.tk.quantum.GlassViewEventHandler.lambda$handleMouseEvent$2(GlassViewEventHandler.java:447)
	at com.sun.javafx.tk.quantum.QuantumToolkit.runWithoutRenderLock(QuantumToolkit.java:412)
	at com.sun.javafx.tk.quantum.GlassViewEventHandler.handleMouseEvent(GlassViewEventHandler.java:446)
	at com.sun.glass.ui.View.handleMouseEvent(View.java:556)
	at com.sun.glass.ui.View.notifyMouse(View.java:942)
	at com.sun.glass.ui.win.WinApplication._runLoop(Native Method)
	at com.sun.glass.ui.win.WinApplication.lambda$runLoop$3(WinApplication.java:174)
	at java.base/java.lang.Thread.run(Thread.java:829)
470  [JavaFX Application Thread] INFO  o.b.j.controllers.LoginController - LoginController initialized
12825 [JavaFX Application Thread] DEBUG org.but.java.data.PersonRepository - findPersonByEmail: Martina.Sam@mail.eu
13363 [JavaFX Application Thread] INFO  o.b.j.controllers.PersonsController - PersonsController initialized
131387 [JavaFX Application Thread] ERROR o.b.j.controllers.LoginController - Controller value already specified.
/C:/Users/karlr/source/repos/bds-cinema/target/classes/org/but/java/fxml/PersonsDetailView.fxml:11

javafx.fxml.LoadException: Controller value already specified.
/C:/Users/karlr/source/repos/bds-cinema/target/classes/org/but/java/fxml/PersonsDetailView.fxml:11

	at javafx.fxml.FXMLLoader.constructLoadException(FXMLLoader.java:2703)
	at javafx.fxml.FXMLLoader$ValueElement.processAttribute(FXMLLoader.java:924)
	at javafx.fxml.FXMLLoader$InstanceDeclarationElement.processAttribute(FXMLLoader.java:982)
	at javafx.fxml.FXMLLoader$Element.processStartElement(FXMLLoader.java:229)
	at javafx.fxml.FXMLLoader$ValueElement.processStartElement(FXMLLoader.java:754)
	at javafx.fxml.FXMLLoader.processStartElement(FXMLLoader.java:2808)
	at javafx.fxml.FXMLLoader.loadImpl(FXMLLoader.java:2634)
	at javafx.fxml.FXMLLoader.loadImpl(FXMLLoader.java:2548)
	at javafx.fxml.FXMLLoader.load(FXMLLoader.java:2517)
	at org.but.java.controllers.PersonsController.lambda$initializeTableViewSelection$1(PersonsController.java:122)
	at com.sun.javafx.event.CompositeEventHandler.dispatchBubblingEvent(CompositeEventHandler.java:86)
	at com.sun.javafx.event.EventHandlerManager.dispatchBubblingEvent(EventHandlerManager.java:234)
	at com.sun.javafx.event.EventHandlerManager.dispatchBubblingEvent(EventHandlerManager.java:191)
	at com.sun.javafx.event.BasicEventDispatcher.dispatchEvent(BasicEventDispatcher.java:58)
	at com.sun.javafx.event.EventDispatchChainImpl.dispatchEvent(EventDispatchChainImpl.java:114)
	at com.sun.javafx.event.EventUtil.fireEventImpl(EventUtil.java:74)
	at com.sun.javafx.event.EventUtil.fireEvent(EventUtil.java:49)
	at javafx.event.Event.fireEvent(Event.java:198)
	at javafx.scene.control.MenuItem.fire(MenuItem.java:459)
	at com.sun.javafx.scene.control.ContextMenuContent$MenuItemContainer.doSelect(ContextMenuContent.java:1385)
	at com.sun.javafx.scene.control.ContextMenuContent$MenuItemContainer.lambda$createChildren$12(ContextMenuContent.java:1338)
	at com.sun.javafx.event.CompositeEventHandler$NormalEventHandlerRecord.handleBubblingEvent(CompositeEventHandler.java:247)
	at com.sun.javafx.event.CompositeEventHandler.dispatchBubblingEvent(CompositeEventHandler.java:80)
	at com.sun.javafx.event.EventHandlerManager.dispatchBubblingEvent(EventHandlerManager.java:234)
	at com.sun.javafx.event.EventHandlerManager.dispatchBubblingEvent(EventHandlerManager.java:191)
	at com.sun.javafx.event.CompositeEventDispatcher.dispatchBubblingEvent(CompositeEventDispatcher.java:59)
	at com.sun.javafx.event.BasicEventDispatcher.dispatchEvent(BasicEventDispatcher.java:58)
	at com.sun.javafx.event.EventDispatchChainImpl.dispatchEvent(EventDispatchChainImpl.java:114)
	at com.sun.javafx.event.BasicEventDispatcher.dispatchEvent(BasicEventDispatcher.java:56)
	at com.sun.javafx.event.EventDispatchChainImpl.dispatchEvent(EventDispatchChainImpl.java:114)
	at com.sun.javafx.event.BasicEventDispatcher.dispatchEvent(BasicEventDispatcher.java:56)
	at com.sun.javafx.event.EventDispatchChainImpl.dispatchEvent(EventDispatchChainImpl.java:114)
	at com.sun.javafx.event.BasicEventDispatcher.dispatchEvent(BasicEventDispatcher.java:56)
	at com.sun.javafx.event.EventDispatchChainImpl.dispatchEvent(EventDispatchChainImpl.java:114)
	at com.sun.javafx.event.EventUtil.fireEventImpl(EventUtil.java:74)
	at com.sun.javafx.event.EventUtil.fireEvent(EventUtil.java:54)
	at javafx.event.Event.fireEvent(Event.java:198)
	at javafx.scene.Scene$MouseHandler.process(Scene.java:3856)
	at javafx.scene.Scene.processMouseEvent(Scene.java:1851)
	at javafx.scene.Scene$ScenePeerListener.mouseEvent(Scene.java:2584)
	at com.sun.javafx.tk.quantum.GlassViewEventHandler$MouseEventNotification.run(GlassViewEventHandler.java:409)
	at com.sun.javafx.tk.quantum.GlassViewEventHandler$MouseEventNotification.run(GlassViewEventHandler.java:299)
	at java.base/java.security.AccessController.doPrivileged(Native Method)
	at com.sun.javafx.tk.quantum.GlassViewEventHandler.lambda$handleMouseEvent$2(GlassViewEventHandler.java:447)
	at com.sun.javafx.tk.quantum.QuantumToolkit.runWithoutRenderLock(QuantumToolkit.java:412)
	at com.sun.javafx.tk.quantum.GlassViewEventHandler.handleMouseEvent(GlassViewEventHandler.java:446)
	at com.sun.glass.ui.View.handleMouseEvent(View.java:556)
	at com.sun.glass.ui.View.notifyMouse(View.java:942)
	at com.sun.glass.ui.win.WinApplication._runLoop(Native Method)
	at com.sun.glass.ui.win.WinApplication.lambda$runLoop$3(WinApplication.java:174)
	at java.base/java.lang.Thread.run(Thread.java:829)
523  [JavaFX Application Thread] INFO  o.b.j.controllers.LoginController - LoginController initialized
8405 [JavaFX Application Thread] DEBUG org.but.java.data.PersonRepository - findPersonByEmail: Martina.Sam@mail.eu
8959 [JavaFX Application Thread] INFO  o.b.j.controllers.PersonsController - PersonsController initialized
19328 [JavaFX Application Thread] ERROR o.b.j.controllers.LoginController - 
/C:/Users/karlr/source/repos/bds-cinema/target/classes/org/but/java/fxml/PersonsDetailView.fxml

javafx.fxml.LoadException: 
/C:/Users/karlr/source/repos/bds-cinema/target/classes/org/but/java/fxml/PersonsDetailView.fxml

	at javafx.fxml.FXMLLoader.constructLoadException(FXMLLoader.java:2707)
	at javafx.fxml.FXMLLoader.loadImpl(FXMLLoader.java:2677)
	at javafx.fxml.FXMLLoader.loadImpl(FXMLLoader.java:2548)
	at javafx.fxml.FXMLLoader.load(FXMLLoader.java:2517)
	at org.but.java.controllers.PersonsController.lambda$initializeTableViewSelection$1(PersonsController.java:119)
	at com.sun.javafx.event.CompositeEventHandler.dispatchBubblingEvent(CompositeEventHandler.java:86)
	at com.sun.javafx.event.EventHandlerManager.dispatchBubblingEvent(EventHandlerManager.java:234)
	at com.sun.javafx.event.EventHandlerManager.dispatchBubblingEvent(EventHandlerManager.java:191)
	at com.sun.javafx.event.BasicEventDispatcher.dispatchEvent(BasicEventDispatcher.java:58)
	at com.sun.javafx.event.EventDispatchChainImpl.dispatchEvent(EventDispatchChainImpl.java:114)
	at com.sun.javafx.event.EventUtil.fireEventImpl(EventUtil.java:74)
	at com.sun.javafx.event.EventUtil.fireEvent(EventUtil.java:49)
	at javafx.event.Event.fireEvent(Event.java:198)
	at javafx.scene.control.MenuItem.fire(MenuItem.java:459)
	at com.sun.javafx.scene.control.ContextMenuContent$MenuItemContainer.doSelect(ContextMenuContent.java:1385)
	at com.sun.javafx.scene.control.ContextMenuContent$MenuItemContainer.lambda$createChildren$12(ContextMenuContent.java:1338)
	at com.sun.javafx.event.CompositeEventHandler$NormalEventHandlerRecord.handleBubblingEvent(CompositeEventHandler.java:247)
	at com.sun.javafx.event.CompositeEventHandler.dispatchBubblingEvent(CompositeEventHandler.java:80)
	at com.sun.javafx.event.EventHandlerManager.dispatchBubblingEvent(EventHandlerManager.java:234)
	at com.sun.javafx.event.EventHandlerManager.dispatchBubblingEvent(EventHandlerManager.java:191)
	at com.sun.javafx.event.CompositeEventDispatcher.dispatchBubblingEvent(CompositeEventDispatcher.java:59)
	at com.sun.javafx.event.BasicEventDispatcher.dispatchEvent(BasicEventDispatcher.java:58)
	at com.sun.javafx.event.EventDispatchChainImpl.dispatchEvent(EventDispatchChainImpl.java:114)
	at com.sun.javafx.event.BasicEventDispatcher.dispatchEvent(BasicEventDispatcher.java:56)
	at com.sun.javafx.event.EventDispatchChainImpl.dispatchEvent(EventDispatchChainImpl.java:114)
	at com.sun.javafx.event.BasicEventDispatcher.dispatchEvent(BasicEventDispatcher.java:56)
	at com.sun.javafx.event.EventDispatchChainImpl.dispatchEvent(EventDispatchChainImpl.java:114)
	at com.sun.javafx.event.BasicEventDispatcher.dispatchEvent(BasicEventDispatcher.java:56)
	at com.sun.javafx.event.EventDispatchChainImpl.dispatchEvent(EventDispatchChainImpl.java:114)
	at com.sun.javafx.event.EventUtil.fireEventImpl(EventUtil.java:74)
	at com.sun.javafx.event.EventUtil.fireEvent(EventUtil.java:54)
	at javafx.event.Event.fireEvent(Event.java:198)
	at javafx.scene.Scene$MouseHandler.process(Scene.java:3856)
	at javafx.scene.Scene.processMouseEvent(Scene.java:1851)
	at javafx.scene.Scene$ScenePeerListener.mouseEvent(Scene.java:2584)
	at com.sun.javafx.tk.quantum.GlassViewEventHandler$MouseEventNotification.run(GlassViewEventHandler.java:409)
	at com.sun.javafx.tk.quantum.GlassViewEventHandler$MouseEventNotification.run(GlassViewEventHandler.java:299)
	at java.base/java.security.AccessController.doPrivileged(Native Method)
	at com.sun.javafx.tk.quantum.GlassViewEventHandler.lambda$handleMouseEvent$2(GlassViewEventHandler.java:447)
	at com.sun.javafx.tk.quantum.QuantumToolkit.runWithoutRenderLock(QuantumToolkit.java:412)
	at com.sun.javafx.tk.quantum.GlassViewEventHandler.handleMouseEvent(GlassViewEventHandler.java:446)
	at com.sun.glass.ui.View.handleMouseEvent(View.java:556)
	at com.sun.glass.ui.View.notifyMouse(View.java:942)
	at com.sun.glass.ui.win.WinApplication._runLoop(Native Method)
	at com.sun.glass.ui.win.WinApplication.lambda$runLoop$3(WinApplication.java:174)
	at java.base/java.lang.Thread.run(Thread.java:829)
Caused by: java.lang.reflect.InvocationTargetException: null
	at java.base/jdk.internal.reflect.NativeMethodAccessorImpl.invoke0(Native Method)
	at java.base/jdk.internal.reflect.NativeMethodAccessorImpl.invoke(NativeMethodAccessorImpl.java:62)
	at java.base/jdk.internal.reflect.DelegatingMethodAccessorImpl.invoke(DelegatingMethodAccessorImpl.java:43)
	at java.base/java.lang.reflect.Method.invoke(Method.java:566)
	at com.sun.javafx.reflect.Trampoline.invoke(MethodUtil.java:76)
	at jdk.internal.reflect.GeneratedMethodAccessor3.invoke(Unknown Source)
	at java.base/jdk.internal.reflect.DelegatingMethodAccessorImpl.invoke(DelegatingMethodAccessorImpl.java:43)
	at java.base/java.lang.reflect.Method.invoke(Method.java:566)
	at com.sun.javafx.reflect.MethodUtil.invoke(MethodUtil.java:273)
	at com.sun.javafx.fxml.MethodHelper.invoke(MethodHelper.java:83)
	at javafx.fxml.FXMLLoader.loadImpl(FXMLLoader.java:2673)
	... 44 common frames omitted
Caused by: java.lang.NullPointerException: null
	at org.but.java.controllers.PersonsDetailViewController.initialize(PersonsDetailViewController.java:46)
	... 55 common frames omitted
384425 [JavaFX Application Thread] ERROR o.b.j.controllers.LoginController - 
/C:/Users/karlr/source/repos/bds-cinema/target/classes/org/but/java/fxml/PersonsDetailView.fxml

javafx.fxml.LoadException: 
/C:/Users/karlr/source/repos/bds-cinema/target/classes/org/but/java/fxml/PersonsDetailView.fxml

	at javafx.fxml.FXMLLoader.constructLoadException(FXMLLoader.java:2707)
	at javafx.fxml.FXMLLoader.loadImpl(FXMLLoader.java:2677)
	at javafx.fxml.FXMLLoader.loadImpl(FXMLLoader.java:2548)
	at javafx.fxml.FXMLLoader.load(FXMLLoader.java:2517)
	at org.but.java.controllers.PersonsController.lambda$initializeTableViewSelection$1(PersonsController.java:119)
	at com.sun.javafx.event.CompositeEventHandler.dispatchBubblingEvent(CompositeEventHandler.java:86)
	at com.sun.javafx.event.EventHandlerManager.dispatchBubblingEvent(EventHandlerManager.java:234)
	at com.sun.javafx.event.EventHandlerManager.dispatchBubblingEvent(EventHandlerManager.java:191)
	at com.sun.javafx.event.BasicEventDispatcher.dispatchEvent(BasicEventDispatcher.java:58)
	at com.sun.javafx.event.EventDispatchChainImpl.dispatchEvent(EventDispatchChainImpl.java:114)
	at com.sun.javafx.event.EventUtil.fireEventImpl(EventUtil.java:74)
	at com.sun.javafx.event.EventUtil.fireEvent(EventUtil.java:49)
	at javafx.event.Event.fireEvent(Event.java:198)
	at javafx.scene.control.MenuItem.fire(MenuItem.java:459)
	at com.sun.javafx.scene.control.ContextMenuContent$MenuItemContainer.doSelect(ContextMenuContent.java:1385)
	at com.sun.javafx.scene.control.ContextMenuContent$MenuItemContainer.lambda$createChildren$12(ContextMenuContent.java:1338)
	at com.sun.javafx.event.CompositeEventHandler$NormalEventHandlerRecord.handleBubblingEvent(CompositeEventHandler.java:247)
	at com.sun.javafx.event.CompositeEventHandler.dispatchBubblingEvent(CompositeEventHandler.java:80)
	at com.sun.javafx.event.EventHandlerManager.dispatchBubblingEvent(EventHandlerManager.java:234)
	at com.sun.javafx.event.EventHandlerManager.dispatchBubblingEvent(EventHandlerManager.java:191)
	at com.sun.javafx.event.CompositeEventDispatcher.dispatchBubblingEvent(CompositeEventDispatcher.java:59)
	at com.sun.javafx.event.BasicEventDispatcher.dispatchEvent(BasicEventDispatcher.java:58)
	at com.sun.javafx.event.EventDispatchChainImpl.dispatchEvent(EventDispatchChainImpl.java:114)
	at com.sun.javafx.event.BasicEventDispatcher.dispatchEvent(BasicEventDispatcher.java:56)
	at com.sun.javafx.event.EventDispatchChainImpl.dispatchEvent(EventDispatchChainImpl.java:114)
	at com.sun.javafx.event.BasicEventDispatcher.dispatchEvent(BasicEventDispatcher.java:56)
	at com.sun.javafx.event.EventDispatchChainImpl.dispatchEvent(EventDispatchChainImpl.java:114)
	at com.sun.javafx.event.BasicEventDispatcher.dispatchEvent(BasicEventDispatcher.java:56)
	at com.sun.javafx.event.EventDispatchChainImpl.dispatchEvent(EventDispatchChainImpl.java:114)
	at com.sun.javafx.event.EventUtil.fireEventImpl(EventUtil.java:74)
	at com.sun.javafx.event.EventUtil.fireEvent(EventUtil.java:54)
	at javafx.event.Event.fireEvent(Event.java:198)
	at javafx.scene.Scene$MouseHandler.process(Scene.java:3856)
	at javafx.scene.Scene.processMouseEvent(Scene.java:1851)
	at javafx.scene.Scene$ScenePeerListener.mouseEvent(Scene.java:2584)
	at com.sun.javafx.tk.quantum.GlassViewEventHandler$MouseEventNotification.run(GlassViewEventHandler.java:409)
	at com.sun.javafx.tk.quantum.GlassViewEventHandler$MouseEventNotification.run(GlassViewEventHandler.java:299)
	at java.base/java.security.AccessController.doPrivileged(Native Method)
	at com.sun.javafx.tk.quantum.GlassViewEventHandler.lambda$handleMouseEvent$2(GlassViewEventHandler.java:447)
	at com.sun.javafx.tk.quantum.QuantumToolkit.runWithoutRenderLock(QuantumToolkit.java:412)
	at com.sun.javafx.tk.quantum.GlassViewEventHandler.handleMouseEvent(GlassViewEventHandler.java:446)
	at com.sun.glass.ui.View.handleMouseEvent(View.java:556)
	at com.sun.glass.ui.View.notifyMouse(View.java:942)
	at com.sun.glass.ui.win.WinApplication._runLoop(Native Method)
	at com.sun.glass.ui.win.WinApplication.lambda$runLoop$3(WinApplication.java:174)
	at java.base/java.lang.Thread.run(Thread.java:829)
Caused by: java.lang.reflect.InvocationTargetException: null
	at java.base/jdk.internal.reflect.NativeMethodAccessorImpl.invoke0(Native Method)
	at java.base/jdk.internal.reflect.NativeMethodAccessorImpl.invoke(NativeMethodAccessorImpl.java:62)
	at java.base/jdk.internal.reflect.DelegatingMethodAccessorImpl.invoke(DelegatingMethodAccessorImpl.java:43)
	at java.base/java.lang.reflect.Method.invoke(Method.java:566)
	at com.sun.javafx.reflect.Trampoline.invoke(MethodUtil.java:76)
	at jdk.internal.reflect.GeneratedMethodAccessor3.invoke(Unknown Source)
	at java.base/jdk.internal.reflect.DelegatingMethodAccessorImpl.invoke(DelegatingMethodAccessorImpl.java:43)
	at java.base/java.lang.reflect.Method.invoke(Method.java:566)
	at com.sun.javafx.reflect.MethodUtil.invoke(MethodUtil.java:273)
	at com.sun.javafx.fxml.MethodHelper.invoke(MethodHelper.java:83)
	at javafx.fxml.FXMLLoader.loadImpl(FXMLLoader.java:2673)
	... 44 common frames omitted
Caused by: java.lang.NullPointerException: null
	at org.but.java.controllers.PersonsDetailViewController.initialize(PersonsDetailViewController.java:46)
	... 55 common frames omitted
472  [JavaFX Application Thread] INFO  o.b.j.controllers.LoginController - LoginController initialized
510  [JavaFX Application Thread] INFO  o.b.j.controllers.LoginController - LoginController initialized
27751 [JavaFX Application Thread] DEBUG org.but.java.data.PersonRepository - findPersonByEmail: Pavlina.Sam@mail.eu
28415 [JavaFX Application Thread] INFO  o.b.j.controllers.PersonsController - PersonsController initialized
35118 [JavaFX Application Thread] ERROR o.b.j.controllers.LoginController - 
/C:/Users/karlr/source/repos/bds-cinema/target/classes/org/but/java/fxml/PersonsDetailView.fxml

javafx.fxml.LoadException: 
/C:/Users/karlr/source/repos/bds-cinema/target/classes/org/but/java/fxml/PersonsDetailView.fxml

	at javafx.fxml.FXMLLoader.constructLoadException(FXMLLoader.java:2707)
	at javafx.fxml.FXMLLoader.loadImpl(FXMLLoader.java:2677)
	at javafx.fxml.FXMLLoader.loadImpl(FXMLLoader.java:2548)
	at javafx.fxml.FXMLLoader.load(FXMLLoader.java:2517)
	at org.but.java.controllers.PersonsController.lambda$initializeTableViewSelection$1(PersonsController.java:119)
	at com.sun.javafx.event.CompositeEventHandler.dispatchBubblingEvent(CompositeEventHandler.java:86)
	at com.sun.javafx.event.EventHandlerManager.dispatchBubblingEvent(EventHandlerManager.java:234)
	at com.sun.javafx.event.EventHandlerManager.dispatchBubblingEvent(EventHandlerManager.java:191)
	at com.sun.javafx.event.BasicEventDispatcher.dispatchEvent(BasicEventDispatcher.java:58)
	at com.sun.javafx.event.EventDispatchChainImpl.dispatchEvent(EventDispatchChainImpl.java:114)
	at com.sun.javafx.event.EventUtil.fireEventImpl(EventUtil.java:74)
	at com.sun.javafx.event.EventUtil.fireEvent(EventUtil.java:49)
	at javafx.event.Event.fireEvent(Event.java:198)
	at javafx.scene.control.MenuItem.fire(MenuItem.java:459)
	at com.sun.javafx.scene.control.ContextMenuContent$MenuItemContainer.doSelect(ContextMenuContent.java:1385)
	at com.sun.javafx.scene.control.ContextMenuContent$MenuItemContainer.lambda$createChildren$12(ContextMenuContent.java:1338)
	at com.sun.javafx.event.CompositeEventHandler$NormalEventHandlerRecord.handleBubblingEvent(CompositeEventHandler.java:247)
	at com.sun.javafx.event.CompositeEventHandler.dispatchBubblingEvent(CompositeEventHandler.java:80)
	at com.sun.javafx.event.EventHandlerManager.dispatchBubblingEvent(EventHandlerManager.java:234)
	at com.sun.javafx.event.EventHandlerManager.dispatchBubblingEvent(EventHandlerManager.java:191)
	at com.sun.javafx.event.CompositeEventDispatcher.dispatchBubblingEvent(CompositeEventDispatcher.java:59)
	at com.sun.javafx.event.BasicEventDispatcher.dispatchEvent(BasicEventDispatcher.java:58)
	at com.sun.javafx.event.EventDispatchChainImpl.dispatchEvent(EventDispatchChainImpl.java:114)
	at com.sun.javafx.event.BasicEventDispatcher.dispatchEvent(BasicEventDispatcher.java:56)
	at com.sun.javafx.event.EventDispatchChainImpl.dispatchEvent(EventDispatchChainImpl.java:114)
	at com.sun.javafx.event.BasicEventDispatcher.dispatchEvent(BasicEventDispatcher.java:56)
	at com.sun.javafx.event.EventDispatchChainImpl.dispatchEvent(EventDispatchChainImpl.java:114)
	at com.sun.javafx.event.BasicEventDispatcher.dispatchEvent(BasicEventDispatcher.java:56)
	at com.sun.javafx.event.EventDispatchChainImpl.dispatchEvent(EventDispatchChainImpl.java:114)
	at com.sun.javafx.event.EventUtil.fireEventImpl(EventUtil.java:74)
	at com.sun.javafx.event.EventUtil.fireEvent(EventUtil.java:54)
	at javafx.event.Event.fireEvent(Event.java:198)
	at javafx.scene.Scene$MouseHandler.process(Scene.java:3856)
	at javafx.scene.Scene.processMouseEvent(Scene.java:1851)
	at javafx.scene.Scene$ScenePeerListener.mouseEvent(Scene.java:2584)
	at com.sun.javafx.tk.quantum.GlassViewEventHandler$MouseEventNotification.run(GlassViewEventHandler.java:409)
	at com.sun.javafx.tk.quantum.GlassViewEventHandler$MouseEventNotification.run(GlassViewEventHandler.java:299)
	at java.base/java.security.AccessController.doPrivileged(Native Method)
	at com.sun.javafx.tk.quantum.GlassViewEventHandler.lambda$handleMouseEvent$2(GlassViewEventHandler.java:447)
	at com.sun.javafx.tk.quantum.QuantumToolkit.runWithoutRenderLock(QuantumToolkit.java:412)
	at com.sun.javafx.tk.quantum.GlassViewEventHandler.handleMouseEvent(GlassViewEventHandler.java:446)
	at com.sun.glass.ui.View.handleMouseEvent(View.java:556)
	at com.sun.glass.ui.View.notifyMouse(View.java:942)
	at com.sun.glass.ui.win.WinApplication._runLoop(Native Method)
	at com.sun.glass.ui.win.WinApplication.lambda$runLoop$3(WinApplication.java:174)
	at java.base/java.lang.Thread.run(Thread.java:829)
Caused by: java.lang.reflect.InvocationTargetException: null
	at java.base/jdk.internal.reflect.NativeMethodAccessorImpl.invoke0(Native Method)
	at java.base/jdk.internal.reflect.NativeMethodAccessorImpl.invoke(NativeMethodAccessorImpl.java:62)
	at java.base/jdk.internal.reflect.DelegatingMethodAccessorImpl.invoke(DelegatingMethodAccessorImpl.java:43)
	at java.base/java.lang.reflect.Method.invoke(Method.java:566)
	at com.sun.javafx.reflect.Trampoline.invoke(MethodUtil.java:76)
	at jdk.internal.reflect.GeneratedMethodAccessor3.invoke(Unknown Source)
	at java.base/jdk.internal.reflect.DelegatingMethodAccessorImpl.invoke(DelegatingMethodAccessorImpl.java:43)
	at java.base/java.lang.reflect.Method.invoke(Method.java:566)
	at com.sun.javafx.reflect.MethodUtil.invoke(MethodUtil.java:273)
	at com.sun.javafx.fxml.MethodHelper.invoke(MethodHelper.java:83)
	at javafx.fxml.FXMLLoader.loadImpl(FXMLLoader.java:2673)
	... 44 common frames omitted
Caused by: java.lang.NullPointerException: null
	at org.but.java.controllers.PersonsDetailViewController.initialize(PersonsDetailViewController.java:46)
	... 55 common frames omitted
480  [JavaFX Application Thread] INFO  o.b.j.controllers.LoginController - LoginController initialized
9581 [JavaFX Application Thread] DEBUG org.but.java.data.PersonRepository - findPersonByEmail: Martina.Sam@mail.eu
10153 [JavaFX Application Thread] INFO  o.b.j.controllers.PersonsController - PersonsController initialized
13889 [JavaFX Application Thread] INFO  o.b.j.c.PersonsDetailViewController - PersonsDetailViewController initialized
41749 [JavaFX Application Thread] INFO  o.b.j.c.PersonsDetailViewController - PersonsDetailViewController initialized
472  [JavaFX Application Thread] INFO  o.b.j.controllers.LoginController - LoginController initialized
3839 [JavaFX Application Thread] DEBUG org.but.java.data.PersonRepository - findPersonByEmail: Martina.Sam@mail.eu
4376 [JavaFX Application Thread] INFO  o.b.j.controllers.PersonsController - PersonsController initialized
9209 [JavaFX Application Thread] INFO  o.b.j.c.PersonsDetailViewController - PersonsDetailViewController initialized
12462 [JavaFX Application Thread] INFO  o.b.j.c.PersonsDetailViewController - PersonsDetailViewController initialized
36913 [JavaFX Application Thread] INFO  o.b.j.c.PersonsDetailViewController - PersonsDetailViewController initialized
495  [JavaFX Application Thread] INFO  o.b.j.controllers.LoginController - LoginController initialized
5465 [JavaFX Application Thread] DEBUG org.but.java.data.PersonRepository - findPersonByEmail: Martina.Sam@mail.eu
6017 [JavaFX Application Thread] INFO  o.b.j.controllers.PersonsController - PersonsController initialized
9197 [JavaFX Application Thread] ERROR o.b.j.controllers.LoginController - 
/C:/Users/karlr/source/repos/bds-cinema/target/classes/org/but/java/fxml/PersonEdit.fxml

javafx.fxml.LoadException: 
/C:/Users/karlr/source/repos/bds-cinema/target/classes/org/but/java/fxml/PersonEdit.fxml

	at javafx.fxml.FXMLLoader.constructLoadException(FXMLLoader.java:2707)
	at javafx.fxml.FXMLLoader.loadImpl(FXMLLoader.java:2677)
	at javafx.fxml.FXMLLoader.loadImpl(FXMLLoader.java:2548)
	at javafx.fxml.FXMLLoader.load(FXMLLoader.java:2517)
	at org.but.java.controllers.PersonsController.lambda$initializeTableViewSelection$0(PersonsController.java:92)
	at com.sun.javafx.event.CompositeEventHandler.dispatchBubblingEvent(CompositeEventHandler.java:86)
	at com.sun.javafx.event.EventHandlerManager.dispatchBubblingEvent(EventHandlerManager.java:234)
	at com.sun.javafx.event.EventHandlerManager.dispatchBubblingEvent(EventHandlerManager.java:191)
	at com.sun.javafx.event.BasicEventDispatcher.dispatchEvent(BasicEventDispatcher.java:58)
	at com.sun.javafx.event.EventDispatchChainImpl.dispatchEvent(EventDispatchChainImpl.java:114)
	at com.sun.javafx.event.EventUtil.fireEventImpl(EventUtil.java:74)
	at com.sun.javafx.event.EventUtil.fireEvent(EventUtil.java:49)
	at javafx.event.Event.fireEvent(Event.java:198)
	at javafx.scene.control.MenuItem.fire(MenuItem.java:459)
	at com.sun.javafx.scene.control.ContextMenuContent$MenuItemContainer.doSelect(ContextMenuContent.java:1385)
	at com.sun.javafx.scene.control.ContextMenuContent$MenuItemContainer.lambda$createChildren$12(ContextMenuContent.java:1338)
	at com.sun.javafx.event.CompositeEventHandler$NormalEventHandlerRecord.handleBubblingEvent(CompositeEventHandler.java:247)
	at com.sun.javafx.event.CompositeEventHandler.dispatchBubblingEvent(CompositeEventHandler.java:80)
	at com.sun.javafx.event.EventHandlerManager.dispatchBubblingEvent(EventHandlerManager.java:234)
	at com.sun.javafx.event.EventHandlerManager.dispatchBubblingEvent(EventHandlerManager.java:191)
	at com.sun.javafx.event.CompositeEventDispatcher.dispatchBubblingEvent(CompositeEventDispatcher.java:59)
	at com.sun.javafx.event.BasicEventDispatcher.dispatchEvent(BasicEventDispatcher.java:58)
	at com.sun.javafx.event.EventDispatchChainImpl.dispatchEvent(EventDispatchChainImpl.java:114)
	at com.sun.javafx.event.BasicEventDispatcher.dispatchEvent(BasicEventDispatcher.java:56)
	at com.sun.javafx.event.EventDispatchChainImpl.dispatchEvent(EventDispatchChainImpl.java:114)
	at com.sun.javafx.event.BasicEventDispatcher.dispatchEvent(BasicEventDispatcher.java:56)
	at com.sun.javafx.event.EventDispatchChainImpl.dispatchEvent(EventDispatchChainImpl.java:114)
	at com.sun.javafx.event.BasicEventDispatcher.dispatchEvent(BasicEventDispatcher.java:56)
	at com.sun.javafx.event.EventDispatchChainImpl.dispatchEvent(EventDispatchChainImpl.java:114)
	at com.sun.javafx.event.EventUtil.fireEventImpl(EventUtil.java:74)
	at com.sun.javafx.event.EventUtil.fireEvent(EventUtil.java:54)
	at javafx.event.Event.fireEvent(Event.java:198)
	at javafx.scene.Scene$MouseHandler.process(Scene.java:3856)
	at javafx.scene.Scene.processMouseEvent(Scene.java:1851)
	at javafx.scene.Scene$ScenePeerListener.mouseEvent(Scene.java:2584)
	at com.sun.javafx.tk.quantum.GlassViewEventHandler$MouseEventNotification.run(GlassViewEventHandler.java:409)
	at com.sun.javafx.tk.quantum.GlassViewEventHandler$MouseEventNotification.run(GlassViewEventHandler.java:299)
	at java.base/java.security.AccessController.doPrivileged(Native Method)
	at com.sun.javafx.tk.quantum.GlassViewEventHandler.lambda$handleMouseEvent$2(GlassViewEventHandler.java:447)
	at com.sun.javafx.tk.quantum.QuantumToolkit.runWithoutRenderLock(QuantumToolkit.java:412)
	at com.sun.javafx.tk.quantum.GlassViewEventHandler.handleMouseEvent(GlassViewEventHandler.java:446)
	at com.sun.glass.ui.View.handleMouseEvent(View.java:556)
	at com.sun.glass.ui.View.notifyMouse(View.java:942)
	at com.sun.glass.ui.win.WinApplication._runLoop(Native Method)
	at com.sun.glass.ui.win.WinApplication.lambda$runLoop$3(WinApplication.java:174)
	at java.base/java.lang.Thread.run(Thread.java:829)
Caused by: java.lang.reflect.InvocationTargetException: null
	at java.base/jdk.internal.reflect.NativeMethodAccessorImpl.invoke0(Native Method)
	at java.base/jdk.internal.reflect.NativeMethodAccessorImpl.invoke(NativeMethodAccessorImpl.java:62)
	at java.base/jdk.internal.reflect.DelegatingMethodAccessorImpl.invoke(DelegatingMethodAccessorImpl.java:43)
	at java.base/java.lang.reflect.Method.invoke(Method.java:566)
	at com.sun.javafx.reflect.Trampoline.invoke(MethodUtil.java:76)
	at jdk.internal.reflect.GeneratedMethodAccessor3.invoke(Unknown Source)
	at java.base/jdk.internal.reflect.DelegatingMethodAccessorImpl.invoke(DelegatingMethodAccessorImpl.java:43)
	at java.base/java.lang.reflect.Method.invoke(Method.java:566)
	at com.sun.javafx.reflect.MethodUtil.invoke(MethodUtil.java:273)
	at com.sun.javafx.fxml.MethodHelper.invoke(MethodHelper.java:83)
	at javafx.fxml.FXMLLoader.loadImpl(FXMLLoader.java:2673)
	... 44 common frames omitted
Caused by: java.lang.NullPointerException: null
	at org.but.java.controllers.PersonsEditController.initialize(PersonsEditController.java:67)
	... 55 common frames omitted
463  [JavaFX Application Thread] INFO  o.b.j.controllers.LoginController - LoginController initialized
4874 [JavaFX Application Thread] DEBUG org.but.java.data.PersonRepository - findPersonByEmail: Martina.Sam@mail.eu
5402 [JavaFX Application Thread] INFO  o.b.j.controllers.PersonsController - PersonsController initialized
11421 [JavaFX Application Thread] INFO  o.b.j.c.PersonsEditController - PersonsEditController initialized
472  [JavaFX Application Thread] INFO  o.b.j.controllers.LoginController - LoginController initialized
10849 [JavaFX Application Thread] DEBUG org.but.java.data.PersonRepository - findPersonByEmail: Martina.Sam@mail.eu
11408 [JavaFX Application Thread] INFO  o.b.j.controllers.PersonsController - PersonsController initialized
23779 [JavaFX Application Thread] INFO  o.b.j.c.PersonsEditController - PersonsEditController initialized
36111 [JavaFX Application Thread] INFO  o.b.j.c.PersonsEditController - PersonsEditController initialized
493  [JavaFX Application Thread] INFO  o.b.j.controllers.LoginController - LoginController initialized
16404 [JavaFX Application Thread] DEBUG org.but.java.data.PersonRepository - findPersonByEmail: Martina.Sam@mail.eu
16959 [JavaFX Application Thread] INFO  o.b.j.controllers.PersonsController - PersonsController initialized
477  [JavaFX Application Thread] INFO  o.b.j.controllers.LoginController - LoginController initialized
7834 [JavaFX Application Thread] DEBUG org.but.java.data.PersonRepository - findPersonByEmail: Martina.Sam@mail.eu
8376 [JavaFX Application Thread] INFO  o.b.j.controllers.PersonsController - PersonsController initialized
10770 [JavaFX Application Thread] INFO  o.b.j.c.PersonsDetailViewController - PersonsDetailViewController initialized
14927 [JavaFX Application Thread] INFO  o.b.j.c.PersonsDetailViewController - PersonsDetailViewController initialized
469  [JavaFX Application Thread] INFO  o.b.j.controllers.LoginController - LoginController initialized
7323 [JavaFX Application Thread] DEBUG org.but.java.data.PersonRepository - findPersonByEmail: Martina.Sam@mail.eu
7852 [JavaFX Application Thread] INFO  o.b.j.controllers.PersonsController - PersonsController initialized
33666 [JavaFX Application Thread] INFO  o.b.j.c.PersonsDetailViewController - PersonsDetailViewController initialized
38517 [JavaFX Application Thread] INFO  o.b.j.c.PersonsEditController - PersonsEditController initialized
162305 [JavaFX Application Thread] INFO  o.b.j.c.PersonsDetailViewController - PersonsDetailViewController initialized
414424 [JavaFX Application Thread] INFO  o.b.j.c.PersonsEditController - PersonsEditController initialized
444045 [JavaFX Application Thread] INFO  o.b.j.c.PersonsDetailViewController - PersonsDetailViewController initialized
452782 [JavaFX Application Thread] INFO  o.b.j.c.PersonsDetailViewController - PersonsDetailViewController initialized
499  [JavaFX Application Thread] INFO  o.b.j.controllers.LoginController - LoginController initialized
8923 [JavaFX Application Thread] DEBUG org.but.java.data.PersonRepository - findPersonByEmail: Martina.Sam@mail.eu
9462 [JavaFX Application Thread] INFO  o.b.j.controllers.PersonsController - PersonsController initialized
