548  [JavaFX Application Thread] INFO  o.b.j.controllers.LoginController - LoginController initialized
88265 [JavaFX Application Thread] DEBUG org.but.java.data.PersonRepository - findPersonByEmail: Martina.Sam@mail.eu
88917 [JavaFX Application Thread] INFO  o.b.j.controllers.PersonsController - PersonsController initialized
134231 [JavaFX Application Thread] INFO  o.b.j.c.PersonsEditController - PersonsEditController initialized
227469 [JavaFX Application Thread] INFO  o.b.j.c.PersonCreateController - PersonCreateController initialized
238565 [JavaFX Application Thread] INFO  o.b.j.c.PersonCreateController - PersonCreateController initialized
495  [JavaFX Application Thread] INFO  o.b.j.controllers.LoginController - LoginController initialized
12344 [JavaFX Application Thread] DEBUG org.but.java.data.PersonRepository - findPersonByEmail: Martina.Sam@mail.eu
12888 [JavaFX Application Thread] INFO  o.b.j.controllers.PersonsController - PersonsController initialized
15560 [JavaFX Application Thread] INFO  o.b.j.c.PersonCreateController - PersonCreateController initialized
469  [JavaFX Application Thread] INFO  o.b.j.controllers.LoginController - LoginController initialized
7051 [JavaFX Application Thread] DEBUG org.but.java.data.PersonRepository - findPersonByEmail: Martina.Sam@mail.eu
7582 [JavaFX Application Thread] INFO  o.b.j.controllers.PersonsController - PersonsController initialized
9839 [JavaFX Application Thread] INFO  o.b.j.c.PersonCreateController - PersonCreateController initialized
480  [JavaFX Application Thread] INFO  o.b.j.controllers.LoginController - LoginController initialized
3775 [JavaFX Application Thread] DEBUG org.but.java.data.PersonRepository - findPersonByEmail: Martina.Sam@mail.eu
4311 [JavaFX Application Thread] INFO  o.b.j.controllers.PersonsController - PersonsController initialized
7025 [JavaFX Application Thread] INFO  o.b.j.c.PersonCreateController - PersonCreateController initialized
444  [JavaFX Application Thread] INFO  o.b.j.controllers.LoginController - LoginController initialized
7300 [JavaFX Application Thread] DEBUG org.but.java.data.PersonRepository - findPersonByEmail: Martina.Sam@mail.eu
7842 [JavaFX Application Thread] INFO  o.b.j.controllers.PersonsController - PersonsController initialized
13764 [JavaFX Application Thread] INFO  o.b.j.c.PersonCreateController - PersonCreateController initialized
496  [JavaFX Application Thread] INFO  o.b.j.controllers.LoginController - LoginController initialized
5318 [JavaFX Application Thread] DEBUG org.but.java.data.PersonRepository - findPersonByEmail: Martina.Sam@mail.eu
5859 [JavaFX Application Thread] INFO  o.b.j.controllers.PersonsController - PersonsController initialized
8107 [JavaFX Application Thread] INFO  o.b.j.c.PersonCreateController - PersonCreateController initialized
476  [JavaFX Application Thread] INFO  o.b.j.controllers.LoginController - LoginController initialized
7299 [JavaFX Application Thread] DEBUG org.but.java.data.PersonRepository - findPersonByEmail: Martina.Sam@mail.eu
7857 [JavaFX Application Thread] INFO  o.b.j.controllers.PersonsController - PersonsController initialized
9862 [JavaFX Application Thread] INFO  o.b.j.c.PersonCreateController - PersonCreateController initialized
474  [JavaFX Application Thread] INFO  o.b.j.controllers.LoginController - LoginController initialized
71658 [JavaFX Application Thread] DEBUG org.but.java.data.PersonRepository - findPersonByEmail: Martina.Sam@mail.eu
72194 [JavaFX Application Thread] INFO  o.b.j.controllers.PersonsController - PersonsController initialized
74104 [JavaFX Application Thread] INFO  o.b.j.c.PersonCreateController - PersonCreateController initialized
558  [JavaFX Application Thread] INFO  o.b.j.controllers.LoginController - LoginController initialized
22280 [JavaFX Application Thread] DEBUG org.but.java.data.PersonRepository - findPersonByEmail: Martina.Sam@mail.eu
22827 [JavaFX Application Thread] INFO  o.b.j.controllers.PersonsController - PersonsController initialized
24677 [JavaFX Application Thread] INFO  o.b.j.c.PersonCreateController - PersonCreateController initialized
500  [JavaFX Application Thread] INFO  o.b.j.controllers.LoginController - LoginController initialized
489  [JavaFX Application Thread] INFO  o.b.j.controllers.LoginController - LoginController initialized
3947 [JavaFX Application Thread] DEBUG org.but.java.data.PersonRepository - findPersonByEmail: Martina.Sam@mail.eu
4519 [JavaFX Application Thread] INFO  o.b.j.controllers.PersonsController - PersonsController initialized
11979 [JavaFX Application Thread] INFO  o.b.j.c.PersonCreateController - PersonCreateController initialized
473  [JavaFX Application Thread] INFO  o.b.j.controllers.LoginController - LoginController initialized
17064 [JavaFX Application Thread] DEBUG org.but.java.data.PersonRepository - findPersonByEmail: Martina.Sam@mail.eu
17611 [JavaFX Application Thread] INFO  o.b.j.controllers.PersonsController - PersonsController initialized
19400 [JavaFX Application Thread] INFO  o.b.j.c.PersonCreateController - PersonCreateController initialized
516  [JavaFX Application Thread] INFO  o.b.j.controllers.LoginController - LoginController initialized
45592 [JavaFX Application Thread] DEBUG org.but.java.data.PersonRepository - findPersonByEmail: Martina.Sam@mail.eu
46137 [JavaFX Application Thread] INFO  o.b.j.controllers.PersonsController - PersonsController initialized
50875 [JavaFX Application Thread] INFO  o.b.j.c.PersonCreateController - PersonCreateController initialized
485  [JavaFX Application Thread] INFO  o.b.j.controllers.LoginController - LoginController initialized
109793 [JavaFX Application Thread] DEBUG org.but.java.data.PersonRepository - findPersonByEmail: Martina.Sam@mail.eu
110334 [JavaFX Application Thread] INFO  o.b.j.controllers.PersonsController - PersonsController initialized
120233 [JavaFX Application Thread] INFO  o.b.j.c.PersonCreateController - PersonCreateController initialized
239730 [JavaFX Application Thread] INFO  o.b.j.c.PersonsEditController - PersonsEditController initialized
246397 [JavaFX Application Thread] INFO  o.b.j.c.PersonsDetailViewController - PersonsDetailViewController initialized
